TesteBackground/Library/Bee/Android/Prj/IL2CPP/Gradle/unityLibrary/build/intermediates/manifest_merge_blame_file/release/processReleaseManifest/manifest-merger-blame-release-report.txt
1<?xml version="1.0" encoding="utf-8"?>
2<manifest xmlns:android="http://schemas.android.com/apk/res/android"
3    xmlns:tools="http://schemas.android.com/tools"
4    package="com.unity3d.player" >
5
6    <uses-sdk android:minSdkVersion="25" />
7
8    <uses-permission android:name="android.permission.ACCESS_FINE_LOCATION" />
8-->src\main\AndroidManifest.xml:3:3-77
8-->src\main\AndroidManifest.xml:3:20-74
9    <uses-permission android:name="android.permission.ACCESS_COARSE_LOCATION" />
9-->src\main\AndroidManifest.xml:4:3-79
9-->src\main\AndroidManifest.xml:4:20-76
10    <uses-permission android:name="android.permission.ACCESS_BACKGROUND_LOCATION" />
10-->src\main\AndroidManifest.xml:5:3-83
10-->src\main\AndroidManifest.xml:5:20-80
11    <uses-permission android:name="android.permission.FOREGROUND_SERVICE" />
11-->src\main\AndroidManifest.xml:6:3-75
11-->src\main\AndroidManifest.xml:6:20-72
12    <uses-permission android:name="android.permission.FOREGROUND_SERVICE_LOCATION" />
12-->src\main\AndroidManifest.xml:7:3-84
12-->src\main\AndroidManifest.xml:7:20-81
13    <uses-permission android:name="android.permission.POST_NOTIFICATIONS" />
13-->src\main\AndroidManifest.xml:8:3-75
13-->src\main\AndroidManifest.xml:8:20-72
14    <uses-permission android:name="android.permission.VIBRATE" />
14-->src\main\AndroidManifest.xml:9:3-64
14-->src\main\AndroidManifest.xml:9:20-61
15
16    <uses-feature android:glEsVersion="0x00030000" />
16-->src\main\AndroidManifest.xml:10:3-52
16-->src\main\AndroidManifest.xml:10:17-49
17    <uses-feature
17-->src\main\AndroidManifest.xml:11:3-91
18        android:name="android.hardware.vulkan.version"
18-->src\main\AndroidManifest.xml:11:17-63
19        android:required="false" />
19-->src\main\AndroidManifest.xml:11:64-88
20    <uses-feature
20-->src\main\AndroidManifest.xml:12:3-88
21        android:name="android.hardware.touchscreen"
21-->src\main\AndroidManifest.xml:12:17-60
22        android:required="false" />
22-->src\main\AndroidManifest.xml:12:61-85
23    <uses-feature
23-->src\main\AndroidManifest.xml:13:3-99
24        android:name="android.hardware.touchscreen.multitouch"
24-->src\main\AndroidManifest.xml:13:17-71
25        android:required="false" />
25-->src\main\AndroidManifest.xml:13:72-96
26    <uses-feature
26-->src\main\AndroidManifest.xml:14:3-108
27        android:name="android.hardware.touchscreen.multitouch.distinct"
27-->src\main\AndroidManifest.xml:14:17-80
28        android:required="false" />
28-->src\main\AndroidManifest.xml:14:81-105
29
30    <application
30-->src\main\AndroidManifest.xml:15:3-37:17
31        android:allowBackup="false"
31-->src\main\AndroidManifest.xml:15:78-105
32        android:appCategory="game"
32-->src\main\AndroidManifest.xml:15:106-132
33        android:enableOnBackInvokedCallback="true"
33-->src\main\AndroidManifest.xml:15:133-175
34        android:extractNativeLibs="true"
34-->src\main\AndroidManifest.xml:15:176-208
35        android:fullBackupContent="false"
35-->src\main\AndroidManifest.xml:15:209-242
36        tools:replace="android:allowBackup,android:fullBackupContent" >
36-->src\main\AndroidManifest.xml:15:16-77
37        <service
37-->src\main\AndroidManifest.xml:16:5-161
38            android:name="com.LDTT.TesteBackground.LocationService"
38-->src\main\AndroidManifest.xml:16:103-158
39            android:enabled="true"
39-->src\main\AndroidManifest.xml:16:14-36
40            android:exported="false"
40-->src\main\AndroidManifest.xml:16:37-61
41            android:foregroundServiceType="location" />
41-->src\main\AndroidManifest.xml:16:62-102
42
43        <receiver
43-->src\main\AndroidManifest.xml:17:5-125
44            android:name="com.LDTT.TesteBackground.StopServiceReceiver"
44-->src\main\AndroidManifest.xml:17:63-122
45            android:enabled="true"
45-->src\main\AndroidManifest.xml:17:15-37
46            android:exported="false" />
46-->src\main\AndroidManifest.xml:17:38-62
47
48        <meta-data
48-->src\main\AndroidManifest.xml:18:5-69
49            android:name="unity.splash-mode"
49-->src\main\AndroidManifest.xml:18:16-48
50            android:value="0" />
50-->src\main\AndroidManifest.xml:18:49-66
51        <meta-data
51-->src\main\AndroidManifest.xml:19:5-74
52            android:name="unity.splash-enable"
52-->src\main\AndroidManifest.xml:19:16-50
53            android:value="True" />
53-->src\main\AndroidManifest.xml:19:51-71
54        <meta-data
54-->src\main\AndroidManifest.xml:20:5-78
55            android:name="unity.launch-fullscreen"
55-->src\main\AndroidManifest.xml:20:16-54
56            android:value="True" />
56-->src\main\AndroidManifest.xml:20:55-75
57        <meta-data
57-->src\main\AndroidManifest.xml:21:5-84
58            android:name="unity.render-outside-safearea"
58-->src\main\AndroidManifest.xml:21:16-60
59            android:value="True" />
59-->src\main\AndroidManifest.xml:21:61-81
60        <meta-data
60-->src\main\AndroidManifest.xml:22:5-81
61            android:name="notch.config"
61-->src\main\AndroidManifest.xml:22:16-43
62            android:value="portrait|landscape" />
62-->src\main\AndroidManifest.xml:22:44-78
63        <meta-data
63-->src\main\AndroidManifest.xml:23:5-84
64            android:name="unity.auto-report-fully-drawn"
64-->src\main\AndroidManifest.xml:23:16-60
65            android:value="true" />
65-->src\main\AndroidManifest.xml:23:61-81
66        <meta-data
66-->src\main\AndroidManifest.xml:24:5-78
67            android:name="unity.strip-engine-code"
67-->src\main\AndroidManifest.xml:24:16-54
68            android:value="true" />
68-->src\main\AndroidManifest.xml:24:55-75
69        <meta-data
69-->src\main\AndroidManifest.xml:25:5-80
70            android:name="unity.auto-set-game-state"
70-->src\main\AndroidManifest.xml:25:16-56
71            android:value="true" />
71-->src\main\AndroidManifest.xml:25:57-77
72
73        <activity
73-->src\main\AndroidManifest.xml:26:5-36:16
74            android:name="com.unity3d.player.UnityPlayerActivity"
74-->src\main\AndroidManifest.xml:26:312-365
75            android:configChanges="mcc|mnc|locale|touchscreen|keyboard|keyboardHidden|navigation|orientation|screenLayout|uiMode|screenSize|smallestScreenSize|fontScale|layoutDirection|density"
75-->src\main\AndroidManifest.xml:26:15-196
76            android:enabled="true"
76-->src\main\AndroidManifest.xml:26:197-219
77            android:exported="true"
77-->src\main\AndroidManifest.xml:26:220-243
78            android:hardwareAccelerated="false"
78-->src\main\AndroidManifest.xml:26:244-279
79            android:launchMode="singleTask"
79-->src\main\AndroidManifest.xml:26:280-311
80            android:resizeableActivity="true"
80-->src\main\AndroidManifest.xml:26:366-399
81            android:screenOrientation="fullUser"
81-->src\main\AndroidManifest.xml:26:400-436
82            android:theme="@style/UnityThemeSelector" >
82-->src\main\AndroidManifest.xml:26:437-478
83            <intent-filter>
83-->src\main\AndroidManifest.xml:27:7-30:23
84                <category android:name="android.intent.category.LAUNCHER" />
84-->src\main\AndroidManifest.xml:28:9-69
84-->src\main\AndroidManifest.xml:28:19-66
85
86                <action android:name="android.intent.action.MAIN" />
86-->src\main\AndroidManifest.xml:29:9-61
86-->src\main\AndroidManifest.xml:29:17-58
87            </intent-filter>
88
89            <meta-data
89-->src\main\AndroidManifest.xml:31:7-82
90                android:name="unityplayer.UnityActivity"
90-->src\main\AndroidManifest.xml:31:18-58
91                android:value="true" />
91-->src\main\AndroidManifest.xml:31:59-79
92            <meta-data
92-->src\main\AndroidManifest.xml:32:7-130
93                android:name="WindowManagerPreference:FreeformWindowSize"
93-->src\main\AndroidManifest.xml:32:18-75
94                android:value="@string/FreeformWindowSize_maximize" />
94-->src\main\AndroidManifest.xml:32:76-127
95            <meta-data
95-->src\main\AndroidManifest.xml:33:7-145
96                android:name="WindowManagerPreference:FreeformWindowOrientation"
96-->src\main\AndroidManifest.xml:33:18-82
97                android:value="@string/FreeformWindowOrientation_landscape" />
97-->src\main\AndroidManifest.xml:33:83-142
98            <meta-data
98-->src\main\AndroidManifest.xml:34:7-70
99                android:name="notch_support"
99-->src\main\AndroidManifest.xml:34:18-46
100                android:value="true" />
100-->src\main\AndroidManifest.xml:34:47-67
101
102            <layout
102-->src\main\AndroidManifest.xml:35:7-68
103                android:minHeight="300px"
103-->src\main\AndroidManifest.xml:35:15-40
104                android:minWidth="400px" />
104-->src\main\AndroidManifest.xml:35:41-65
105        </activity>
106    </application>
107
108</manifest>